make.exe all --print-data-base --no-builtin-variables --no-builtin-rules --question
# GNU Make 3.81
# Copyright (C) 2006  Free Software Foundation, Inc.
# This is free software; see the source for copying conditions.
# There is NO warranty; not even for MERCHANTABILITY or FITNESS FOR A
# PARTICULAR PURPOSE.

# This program built for i386-pc-mingw32

# Make data base, printed on Sun Jul 24 22:36:37 2022

# Variables

# automatic
<D = $(patsubst %/,%,$(dir $<))
# automatic
?F = $(notdir $?)
# environment
KISYS3DMOD = C:\Program Files\KiCad\share\kicad\modules\packages3d
# makefile
MAKEFLAGS = Rrqp
# environment
KICAD_TEMPLATE_DIR = C:\Program Files\KiCad\share\kicad\template
# automatic
?D = $(patsubst %/,%,$(dir $?))
# environment
PLATFORMIO_IDE = 2.5.0
# automatic
@D = $(patsubst %/,%,$(dir $@))
# environment
HOMEDRIVE = C:
# automatic
@F = $(notdir $@)
# automatic
^D = $(patsubst %/,%,$(dir $^))
# makefile
CURDIR := j:/git/VSCodePSX
# default
SHELL := sh.exe
# environment
WINDIR = C:\Windows
# environment
VSCODE_NLS_CONFIG = {"locale":"en-gb","availableLanguages":{},"_languagePackSupport":true}
# environment
VBOX_MSI_INSTALL_PATH = C:\Program Files\Oracle\VirtualBox\
# environment
ONEDRIVE = C:\Users\nadir\OneDrive
# environment
PATHEXT = .COM;.EXE;.BAT;.CMD;.VBS;.VBE;.JS;.JSE;.WSF;.WSH;.MSC
# makefile
MAKEFILE_LIST := 
# environment
TMP = C:\Users\nadir\AppData\Local\Temp
# environment
PROGRAMW6432 = C:\Program Files
# environment
PROGRAMDATA = C:\ProgramData
# environment
MINGW = C:\mingw-w64\x86_64-8.1.0-posix-seh-rt_v6-rev0\mingw64
# environment
VSCODE_CWD = J:\git\VSCodePSX
# environment
SE_LICENSE_SERVER = C:\Program Files\Siemens\Solid Edge 2022\Preferences\SELicense.lic
# environment
NO_PROXY = 127.0.0.1
# environment
COMMONPROGRAMW6432 = C:\Program Files\Common Files
# environment
PROCESSOR_ARCHITECTURE = x86
# environment
USERPROFILE = C:\Users\nadir
# environment
ALLUSERSPROFILE = C:\ProgramData
# environment
NUMBER_OF_PROCESSORS = 16
# environment
ELECTRON_RUN_AS_NODE = 1
# default
.FEATURES := target-specific order-only second-expansion else-if archives
# automatic
%F = $(notdir $%)
# environment
CHROME_CRASHPAD_PIPE_NAME = \\.\pipe\crashpad_14452_QOCBPOYYLLNVTXYY
# environment
COMPUTERNAME = GT86TC
# environment
PROGRAMFILES = C:\Program Files (x86)
# environment
DRIVERDATA = C:\Windows\System32\Drivers\DriverData
# environment
ORIGINAL_XDG_C 
URRENT_DESKTOP = undefined
# environment
USERNAME = nadir
# environment
PUBLIC = C:\Users\Public
# environment
VSCODE_AMD_ENTRYPOINT = vs/workbench/api/node/extensionHostProcess
# environment
VSCODE_CODE_CACHE_PATH = C:\Users\nadir\AppData\Roaming\Code\CachedData\3b889b090b5ad5793f524b5d1d39fda662b96a2a
# environment
APPLICATION_INSIGHTS_NO_DIAGNOSTIC_CHANNEL = 1
# environment
COMMONPROGRAMFILES = C:\Program Files (x86)\Common Files
# environment
LOGONSERVER = \\GT86TC
# environment
VSCODE_HANDLES_UNCAUGHT_ERRORS = true
# environment
USERDOMAIN = GT86TC
# environment
PLATFORMIO_PATH = C:\Users\nadir\.platformio\python3;;C:\Windows\system32;C:\Windows;C:\Windows\System32\Wbem;C:\Windows\System32\WindowsPowerShell\v1.0\;C:\Windows\System32\OpenSSH\;C:\Program Files (x86)\NVIDIA Corporation\PhysX\Common;C:\Program Files\Git\cmd;C:\Program Files\Calibre2\;C:\Program Files\dotnet\;C:\Program Files (x86)\dotnet\;C:\Users\nadir\AppData\Local\Microsoft\WindowsApps;C:\Users\nadir\AppData\Local\Programs\Microsoft VS Code\bin;C:\mingw-w64\x86_64-8.1.0-posix-seh-rt_v6-rev0\mingw64\bin;C:\SDL2-2.0.14\x86_64-w64-mingw32\include;C:\glfw-3.3.2.bin.WIN64\include;C:\glfw-3.3.2.bin.WIN64\lib-mingw-w64;C:\Java\jdk-11.0.9.1+1-jre;C:\Program Files\LOVE;C:\glad\include;C:\Program Files (x86)\GnuWin32\bin;C:\bin;C:\Program Files\CMake\bin;C:\g++-mipsel-none-elf-12.1.0\bin;C:\Java\jdk-11.0.14.1+1\bin;C:\mkpsxiso-2.01-win64\bin;;;C:\Windows\system32;C:\Windows;C:\Windows\System32\Wbem;C:\Windows\System32\WindowsPowerShell\v1.0\;C:\Windows\System32\OpenSSH\;C:\Program Files (x86)\NVIDIA Corporation\PhysX\Common;C:\Program Files\Git\cmd;C:\Program Files\Calibre2\;C:\Program Files\dotnet\;C:\Program Files (x86)\dotnet\;C:\Users\nadir\AppData\Local\Microsoft\WindowsApps;C:\Users\nadir\AppData\Local\Programs\Microsoft VS Code\bin;C:\mingw-w64\x86_64-8.1.0-posix-seh-rt_v6-rev0\mingw64\bin;C:\SDL2-2.0.14\x86_64-w64-mingw32\include;C:\glfw-3.3.2.bin.WIN64\include;C:\glfw-3.3.2.bin.WIN64\lib-mingw-w64;C:\Java\jdk-11.0.9.1+1-jre;C:\Program Files\LOVE;C:\glad\include;C:\Program Files (x86)\GnuWin32\bin;C:\bin;C:\Program Files\CMake\bin;C:\g++-mipsel-none-elf-12.1.0\bin;C:\Java\jdk-11.0.14.1+1\bin;C:\mkpsxiso-2.01-win64\bin;
# default
MAKE = $(MAKE_COMMAND)
# default
MAKECMDGOALS := all
# environment
KISYSMOD = C:\Program Files\KiCad\share\kicad\modules
# environment
PATH = ;C:\Windows\system32;C:\Windows;C:\Windows\System32\Wbem;C:\Windows\System32\WindowsPowerShell\v1.0\;C:\Windows\System32\OpenSSH\;C:\Program Files (x86)\NVIDIA Corporation\PhysX\Common;C:\Program Files\Git\cmd;C:\Program Files\Calibre2\;C:\Program Files\dotnet\;C:\Program Files (x86)\dotnet\;C:\Users\nadir\AppData\Local\Microsoft\WindowsApps;C:\Users\nadir\AppData\Local\Programs\Microsoft VS Code\bin;C:\mingw-w64\x86_64-8.1.0-posix-seh-rt_v6-rev0\mingw64\bin;C:\SDL2-2.0.14\x86_64-w64-mingw32\include;C:\glfw-3.3.2.bin.WIN64\include;C:\glfw-3.3.2.bin.WIN64\lib-mingw-w64;C:\Java\jdk-11.0.9.1+1-jre;C:\Program Files\LOVE;C:\glad\include;C:\Program Files (x86)\GnuWin32\bin;C:\bin;C:\Program Files\CMake\bin;C:\g++-mipsel-none-elf-12.1.0\bin;C:\Java\jdk-11.0.14.1+1\bin;C:\mkpsxiso-2.01-win64\bin;
# environment
P_SCHEMA = C:\Program Files\Siemens\Solid Edge 2022\Schema
# default
MAKE_VERSION := 3.81
# environment
KICAD_SYMBOL_DIR = C:\Program Files\KiCad\share\kicad\library
# makefile
.DEFAULT_GOAL := 
# environment
KEYSHOT_EXTERNAL_LICENSE_FOLDER = C:\Program Files\Siemens\Solid Edge 2022\Program
# environment
PROGRAMFILES(X86) = C:\Program Files (x86)
# automatic
%D = $(patsubst %/,%,$(dir $%))
# environment
LOCALAPPDATA = C:\Users\nadir\AppData\Local
# environment
PSMODULEPATH = C:\Program Files\WindowsPowerShell\Modules;C:\Windows\system32\WindowsPowerShell\v1.0\Modules
# default
MAKE_COMMAND := make.exe
# environment
PROCESSOR_ARCHITEW6432 = AMD64
# default
.VARIABLES := 
# automatic
*F = $(notdir $*)
# environment
PROCESSOR_IDENTIFIER = AMD64 Family 23 Model 113 Stepping 0, AuthenticAMD
# environment
OS = Windows_NT
# environment
VSCODE_IPC_HOOK = \\.\pipe\e0af78fe0d454a37b035f54e8658e248-1.69.2-main-sock
# environment
HOMEPATH = \Users\nadir
# environment
COMMONPROGRAMFILES(X86) = C:\Program Files (x86)\Common Files
# environment
PROMPT = $P$G
# environment
MFLAGS = -Rrqp
# automatic
*D = $(patsubst %/,%,$(dir $*))
# environment
SYSTEMROOT = C:\Windows
# automatic
+D = $(patsubst %/,%,$(dir $+))
# automatic
+F = $(notdir $+)
# environment
APPDATA = C:\Users\nadir\AppData\Roaming
# environment
TEMP = C:\Users\nadir\AppData\Local\Temp
# environment
KEYSHOT10 = C:\Users\Public\Documents\KeyShot 10
# environment
COMSPEC = C:\Windows\system32\cmd.exe
# default
MAKEFILES := 
# automatic
<F = $(notdir $<)
# environment
PLATFORMIO_CALLER = vscode
# environment
LC_ALL = C
# automatic
^F = $(notdir $^)
# default
SUFFIXES := 
# environment
SYSTEMDRIVE = C:
# environment
SESSIONNAME = Console
# environment
PROCESSOR_REVISION = 7100
# environment
MAKELEVEL := 0
# environment
LANG = C
# environment
PROCESSOR_LEVEL = 23
# environment
VSCODE_PID = 14452
# environment
_SSLKEYLOGFILE = C:\Users\nadir\Documents\Wireshark\ssl-keys.log
# environment
USERDOMAIN_ROAMINGPROFILE = GT86TC
# variable set hash-table stats:
# Load=96/1024=9%, Rehash=0, Collisions=12/113=11%

# Pattern-specific Variable Values

# No pattern-specific variable values.

# Directories

# : could not be stat'd.
# C:\glad\include (key C:/glad/include, mtime 1613992112): 4 files, no impossibilities.
# C:\Program Files\LOVE (key C:/Program Files/LOVE, mtime 1609117476): 17 files, no impossibilities.
# C:\glfw-3.3.2.bin.WIN64\lib-mingw-w64 (key C:/glf 
w-3.3.2.bin.WIN64/lib-mingw-w64, mtime 1613990663): 5 files, no impossibilities.
# C:\Windows\System32\WindowsPowerShell\v1.0\ (key C:/Windows/System32/WindowsPowerShell/v1.0/, mtime 1608068921): 32 files, no impossibilities.
# C:\Windows\System32\Wbem (key C:/Windows/System32/Wbem, mtime 1658093330): 172 files, no impossibilities.
# . (key j:/git/VSCodePSX, mtime 1658689669): 11 files, no impossibilities.
# C:\g++-mipsel-none-elf-12.1.0\bin (key C:/g++-mipsel-none-elf-12.1.0/bin, mtime 1658664348): 45 files, no impossibilities.
# C:\glfw-3.3.2.bin.WIN64\include (key C:/glfw-3.3.2.bin.WIN64/include, mtime 1613990663): 3 files, no impossibilities.
# C:\Program Files\Calibre2\ (key C:/Program Files/Calibre2/, mtime 1640959243): 24 files, no impossibilities.
# C:\Program Files (x86)\NVIDIA Corporation\PhysX\Common (key C:/Program Files (x86)/NVIDIA Corporation/PhysX/Common, mtime 1607718166): 10 files, no impossibilities.
# C:\Program Files\dotnet\ (key C:/Program Files/dotnet/, mtime 1639523455): 8 files, no impossibilities.
# C:\mingw-w64\x86_64-8.1.0-posix-seh-rt_v6-rev0\mingw64\bin (key C:/mingw-w64/x86_64-8.1.0-posix-seh-rt_v6-rev0/mingw64/bin, mtime 1619973393): 58 files, no impossibilities.
# C:\Windows\System32\OpenSSH\: could not be stat'd.
# C:\Java\jdk-11.0.14.1+1\bin (key C:/Java/jdk-11.0.14.1+1/bin, mtime 1649499459): 126 files, no impossibilities.
# C:\Java\jdk-11.0.9.1+1-jre (key C:/Java/jdk-11.0.9.1+1-jre, mtime 1609978832): 7 files, no impossibilities.
# C:\Windows (key C:/Windows, mtime 1608667296): 127 files, no impossibilities.
# C:\Users\nadir\AppData\Local\Programs\Microsoft VS Code\bin (key C:/Users/nadir/AppData/Local/Programs/Microsoft VS Code/bin, mtime 1658248421): 4 files, no impossibilities.
# C:\mkpsxiso-2.01-win64\bin (key C:/mkpsxiso-2.01-win64/bin, mtime 1650915280): 4 files, no impossibilities.
# C:\Program Files (x86)\dotnet\ (key C:/Program Files (x86)/dotnet/, mtime 1639523697): 8 files, no impossibilities.
# C:\Program Files\Git\cmd (key C:/Program Files/Git/cmd, mtime 1607801216): 8 files, no impossibilities.
# C:\Windows\system32 (key C:/Windows/system32, mtime 1658661407): 3076 files, no impossibilities.
# C:\bin (key C:/bin, mtime 1650915975): 5 files, no impossibilities.
# C:\Program Files\CMake\bin (key C:/Program Files/CMake/bin, mtime 1619647830): 7 files, no impossibilities.
# C:\Users\nadir\AppData\Local\Microsoft\WindowsApps (key C:/Users/nadir/AppData/Local/Microsoft/WindowsApps, mtime 1658514478): 17 files, no impossibilities.
# C:\SDL2-2.0.14\x86_64-w64-mingw32\include (key C:/SDL2-2.0.14/x86_64-w64-mingw32/include, mtime 1541002013): 3 files, no impossibilities.
# C:\Program Files (x86)\GnuWin32\bin (key C:/Program Files (x86)/GnuWin32/bin, mtime 1619728377): 105 files, no impossibilities.

# 3886 files, no impossibilities in 27 directories.

# Implicit Rules

# No implicit rules.

# Files

# Not a target:
all:
#  Command-line target.
#  Implicit rule search has been done.
#  File does not exist.
#  File has not been updated.
# variable set hash-table stats:
# Load=0/ 
32=0%, Rehash=0, Collisions=0/0=0%

# Not a target:
.DEFAULT:
#  Implicit rule search has not been done.
#  Modification time never checked.
#  File has not been updated.

# Not a target:
makefile:
#  A default, MAKEFILES, or -include/sinclude makefile.
#  Implicit rule search has been done.
#  File does not exist.
#  File has been updated.
#  Failed to be updated.
# variable set hash-table stats:
# Load=0/32=0%, Rehash=0, Collisions=0/0=0%

# Not a target:
.SUFFIXES:
#  Implicit rule search has not been done.
#  Modification time never checked.
#  File has not been updated.

# Not a target:
GNUmakefile:
#  A default, MAKEFILES, or -include/sinclude makefile.
#  Implicit rule search has been done.
#  File does not exist.
#  File has been updated.
#  Failed to be updated.
# variable set hash-table stats:
# Load=0/32=0%, Rehash=0, Collisions=0/0=0%

# files hash-table stats:
# Load=5/1024=0%, Rehash=0, Collisions=0/16=0%
# VPATH Search Paths

# No `vpath' search paths.

# No general (`VPATH' variable) search path.

# # of strings in strcache: 0
# # of strcache buffers: 0
# strcache size: total = 0 / max = 0 / min = 4096 / avg = 0
# strcache free: total = 0 / max = 0 / min = 4096 / avg = 0

# Finished Make data base on Sun Jul 24 22:36:37 2022

 
make.exe: *** No rule to make target `all'.  Stop.

